<?xml version="1.0" encoding="UTF-8"?>
<!-- Generated by org.testng.reporters.JUnitReportReporter -->
<testsuite hostname="DESKTOP-K2AE7TM" failures="0" tests="2" name="com.trisysLOS.tests.AdminLoginPageTest" time="11.904" errors="0" timestamp="2023-07-11T12:36:10 IST" skipped="0">
  <testcase classname="com.trisysLOS.tests.AdminLoginPageTest" name="LOS_TC_Login_002" time="4.858"/>
  <system-out/>
  <testcase classname="com.trisysLOS.tests.AdminLoginPageTest" name="LOS_TC_Login_001" time="7.046"/>
  <system-out/>
</testsuite> <!-- com.trisysLOS.tests.AdminLoginPageTest -->
