<?xml version="1.0" encoding="UTF-8"?>
<!-- Generated by org.testng.reporters.JUnitReportReporter -->
<testsuite hostname="DESKTOP-GQ5FLP2" failures="0" tests="2" name="com.trisysLOS.tests.LoansListingPageTest" time="7.478" errors="0" timestamp="2023-06-02T13:40:16 IST" skipped="0">
  <testcase classname="com.trisysLOS.tests.LoansListingPageTest" name="LOS_TC_LoansListing_001" time="3.641"/>
  <system-out/>
  <testcase classname="com.trisysLOS.tests.LoansListingPageTest" name="LOS_TC_LoansListing_002" time="3.837"/>
  <system-out/>
</testsuite> <!-- com.trisysLOS.tests.LoansListingPageTest -->
