<?xml version="1.0" encoding="UTF-8"?>
<!-- Generated by org.testng.reporters.JUnitReportReporter -->
<testsuite hostname="DESKTOP-K2AE7TM" failures="0" tests="1" name="com.trisysLOS.tests.LoansListingPageTest" time="42.858" errors="0" timestamp="2023-07-10T18:11:13 IST" skipped="0">
  <testcase classname="com.trisysLOS.tests.LoansListingPageTest" name="LOS_TC_LoansListing_004" time="42.858"/>
  <system-out/>
</testsuite> <!-- com.trisysLOS.tests.LoansListingPageTest -->
