<?xml version="1.0" encoding="UTF-8"?>
<!-- Generated by org.testng.reporters.JUnitReportReporter -->
<testsuite hostname="DESKTOP-GQ5FLP2" failures="0" tests="1" name="com.trisysLOS.tests.LoansPageTest" time="5.636" errors="0" timestamp="2023-05-29T16:17:23 IST" skipped="0">
  <testcase classname="com.trisysLOS.tests.LoansPageTest" name="LOS_TC_001" time="5.636"/>
  <system-out/>
</testsuite> <!-- com.trisysLOS.tests.LoansPageTest -->
