<?xml version="1.0" encoding="UTF-8"?>
<!-- Generated by org.testng.reporters.JUnitReportReporter -->
<testsuite hostname="DESKTOP-K2AE7TM" failures="0" tests="1" name="com.trisysLOS.tests.LoansListingPageTest" time="35.057" errors="0" timestamp="2023-07-11T17:54:29 IST" skipped="0">
  <testcase classname="com.trisysLOS.tests.LoansListingPageTest" name="LOS_TC_LoansListing_006" time="35.057"/>
  <system-out/>
</testsuite> <!-- com.trisysLOS.tests.LoansListingPageTest -->
