<?xml version="1.0" encoding="UTF-8"?>
<!-- Generated by org.testng.reporters.JUnitReportReporter -->
<testsuite hostname="VenuGopal" failures="0" tests="3" name="com.trisysLOS.tests.LoansListingPageTest" time="55.320" errors="0" timestamp="2023-07-24T17:13:10 IST" skipped="0">
  <testcase classname="com.trisysLOS.tests.LoansListingPageTest" name="CompleteFlow" time="21.478"/>
  <system-out/>
  <testcase classname="com.trisysLOS.tests.LoansListingPageTest" name="LOS_TC_LoansListing_006" time="17.547"/>
  <system-out/>
  <testcase classname="com.trisysLOS.tests.LoansListingPageTest" name="LOS_TC_LoansListing_004" time="16.295"/>
  <system-out/>
</testsuite> <!-- com.trisysLOS.tests.LoansListingPageTest -->
