<?xml version="1.0" encoding="UTF-8"?>
<!-- Generated by org.testng.reporters.JUnitReportReporter -->
<testsuite hostname="VenuGopal" failures="0" tests="1" name="com.trisysLOS.tests.AdminLoginPageTest" time="3.516" errors="0" timestamp="2023-07-24T17:13:10 IST" skipped="0">
  <testcase classname="com.trisysLOS.tests.AdminLoginPageTest" name="LOS_TC_Login_002" time="3.516"/>
  <system-out/>
</testsuite> <!-- com.trisysLOS.tests.AdminLoginPageTest -->
