<?xml version="1.0" encoding="UTF-8"?>
<!-- Generated by org.testng.reporters.JUnitReportReporter -->
<testsuite hostname="DESKTOP-QCI0279" failures="0" tests="2" name="com.trisysLOS.tests.AdminLoginPageTest" time="14.059" errors="0" timestamp="2023-06-21T18:13:02 IST" skipped="0">
  <testcase classname="com.trisysLOS.tests.AdminLoginPageTest" name="LOS_TC_Login_002" time="11.483"/>
  <system-out/>
  <testcase classname="com.trisysLOS.tests.AdminLoginPageTest" name="LOS_TC_Login_001" time="2.576"/>
  <system-out/>
</testsuite> <!-- com.trisysLOS.tests.AdminLoginPageTest -->
