<?xml version="1.0" encoding="UTF-8"?>
<!-- Generated by org.testng.reporters.JUnitReportReporter -->
<testsuite hostname="DESKTOP-GQ5FLP2" failures="0" tests="2" name="com.trisysLOS.tests.AdminLoginPageTest" time="8.242" errors="0" timestamp="2023-06-06T15:35:33 IST" skipped="0">
  <testcase classname="com.trisysLOS.tests.AdminLoginPageTest" name="LOS_TC_Login_001" time="2.873"/>
  <system-out/>
  <testcase classname="com.trisysLOS.tests.AdminLoginPageTest" name="LOS_TC_Login_002" time="5.369"/>
  <system-out/>
</testsuite> <!-- com.trisysLOS.tests.AdminLoginPageTest -->
